<?xml version="1.0" encoding="UTF-8"?>
<!-- Generated by org.testng.reporters.JUnitReportReporter -->
<testsuite hostname="DESKTOP-K07O5M6" failures="0" tests="1" name="PackageOne.FirstTestCase" time="0.002" errors="0" timestamp="2023-05-07T20:41:48 IST" skipped="0">
  <testcase classname="PackageOne.FirstTestCase" name="Demo" time="0.002"/>
  <system-out/>
</testsuite> <!-- PackageOne.FirstTestCase -->
