<?xml version="1.0" encoding="UTF-8"?>
<!-- Generated by org.testng.reporters.JUnitReportReporter -->
<testsuite hostname="DESKTOP-K07O5M6" failures="0" tests="3" name="PackageOne.DataProvider" time="0.009" errors="0" timestamp="2023-05-07T20:41:48 IST" skipped="0">
  <testcase classname="PackageOne.DataProvider" name="Data" time="0.004"/>
  <system-out/>
  <testcase classname="PackageOne.DataProvider" name="Data" time="0.002"/>
  <system-out/>
  <testcase classname="PackageOne.DataProvider" name="Data" time="0.003"/>
  <system-out/>
</testsuite> <!-- PackageOne.DataProvider -->
