<?xml version="1.0" encoding="UTF-8"?>
<!-- Generated by org.testng.reporters.JUnitReportReporter -->
<testsuite hostname="DESKTOP-K07O5M6" failures="0" tests="1" name="PackageOne.ClassOne" time="0.015" errors="0" timestamp="2023-05-07T22:57:39 IST" skipped="0">
  <testcase classname="PackageOne.ClassOne" name="Answer" time="0.015"/>
  <system-out/>
</testsuite> <!-- PackageOne.ClassOne -->
