<?xml version="1.0" encoding="UTF-8"?>
<!-- Generated by org.testng.reporters.JUnitReportReporter -->
<testsuite hostname="DESKTOP-K07O5M6" failures="0" tests="2" name="PackageOne.testCase1Test" time="0.010" errors="0" timestamp="2023-05-07T20:41:48 IST" skipped="0">
  <testcase classname="PackageOne.testCase1Test" name="day2" time="0.001"/>
  <system-out/>
  <testcase classname="PackageOne.testCase1Test" name="day1" time="0.009"/>
  <system-out/>
</testsuite> <!-- PackageOne.testCase1Test -->
